07/26/2023 05:41:47 PM: WARNING: Error getting version of chromedriver 115. Retrying with chromedriver 114 (attempt 1/5)
07/26/2023 05:41:52 PM: INFO: ************* Test_003_AddCustomer **********
07/26/2023 05:42:00 PM: INFO: ************* Login succesful **********
07/26/2023 05:42:00 PM: INFO: ******* Starting Add Customer Test **********
07/26/2023 05:42:03 PM: INFO: ************* Providing customer info **********
07/26/2023 05:42:15 PM: INFO: ************* Saving customer info **********
07/26/2023 05:42:15 PM: INFO: ********* Add customer validation started *****************
07/26/2023 05:42:15 PM: INFO: ********* Add customer Test Passed *********
07/26/2023 05:42:15 PM: INFO: ******* Ending Add customer test **********
07/26/2023 05:42:19 PM: INFO: *********************** Verifying Login Test **********************************
07/26/2023 05:42:26 PM: INFO: *********************** Login Test is Passed **********************************
07/31/2023 11:09:40 AM: WARNING: Error getting version of chromedriver 115. Retrying with chromedriver 114 (attempt 1/5)
07/31/2023 11:09:45 AM: INFO: ************* Test_003_AddCustomer **********
07/31/2023 11:09:51 AM: INFO: ************* Login succesful **********
07/31/2023 11:09:51 AM: INFO: ******* Starting Add Customer Test **********
07/31/2023 11:09:53 AM: INFO: ************* Providing customer info **********
07/31/2023 11:10:04 AM: INFO: ************* Saving customer info **********
07/31/2023 11:10:04 AM: INFO: ********* Add customer validation started *****************
07/31/2023 11:10:05 AM: INFO: ********* Add customer Test Passed *********
07/31/2023 11:10:05 AM: INFO: ******* Ending Add customer test **********
07/31/2023 11:10:07 AM: INFO: *********************** Verifying Login Test **********************************
07/31/2023 11:10:15 AM: INFO: *********************** Login Test is Passed **********************************
07/31/2023 11:46:58 AM: INFO: ************* Test_003_AddCustomer **********
07/31/2023 11:47:07 AM: INFO: ************* Login succesful **********
07/31/2023 11:47:07 AM: INFO: ******* Starting Add Customer Test **********
07/31/2023 11:47:09 AM: INFO: ************* Providing customer info **********
07/31/2023 11:47:20 AM: INFO: ************* Saving customer info **********
07/31/2023 11:47:20 AM: INFO: ********* Add customer validation started *****************
07/31/2023 11:47:20 AM: INFO: ********* Add customer Test Passed *********
07/31/2023 11:47:21 AM: INFO: ******* Ending Add customer test **********
07/31/2023 11:47:23 AM: INFO: ************* Test_003_AddCustomer **********
07/31/2023 11:47:29 AM: INFO: ************* Login succesful **********
07/31/2023 11:47:29 AM: INFO: ************* Starting Exporting *****************
07/31/2023 11:47:32 AM: INFO: *********************** Verifying Login Test **********************************
07/31/2023 11:47:39 AM: INFO: *********************** Login Test is Passed **********************************
07/31/2023 11:57:55 AM: INFO: ************* Test_003_AddCustomer **********
07/31/2023 11:58:04 AM: INFO: ************* Login succesful **********
07/31/2023 11:58:04 AM: INFO: ******* Starting Add Customer Test **********
07/31/2023 11:58:07 AM: INFO: ************* Providing customer info **********
07/31/2023 11:58:18 AM: INFO: ************* Saving customer info **********
07/31/2023 11:58:18 AM: INFO: ********* Add customer validation started *****************
07/31/2023 11:58:18 AM: INFO: ********* Add customer Test Passed *********
07/31/2023 11:58:18 AM: INFO: ******* Ending Add customer test **********
07/31/2023 11:58:20 AM: INFO: ************* Export  **********
07/31/2023 11:58:27 AM: INFO: ************* Login succesful **********
07/31/2023 11:58:27 AM: INFO: ************* Exporting Customer By Email *****************
07/31/2023 11:58:28 AM: INFO: ************* Exporting Customer Detail Test Started *****************
07/31/2023 11:58:31 AM: INFO: *********************** Verifying Login Test **********************************
07/31/2023 11:58:36 AM: INFO: *********************** Login Test is Passed **********************************
07/31/2023 12:05:21 PM: INFO: ************* Test_003_AddCustomer **********
07/31/2023 12:05:30 PM: INFO: ************* Login succesful **********
07/31/2023 12:05:30 PM: INFO: ******* Starting Add Customer Test **********
07/31/2023 12:05:34 PM: INFO: ************* Providing customer info **********
07/31/2023 12:05:45 PM: INFO: ************* Saving customer info **********
07/31/2023 12:05:45 PM: INFO: ********* Add customer validation started *****************
07/31/2023 12:05:45 PM: INFO: ********* Add customer Test Passed *********
07/31/2023 12:05:45 PM: INFO: ******* Ending Add customer test **********
07/31/2023 12:05:47 PM: INFO: ************* Export  **********
07/31/2023 12:05:56 PM: INFO: ************* Login succesful **********
07/31/2023 12:05:56 PM: INFO: ************* Exporting Customer By Email *****************
07/31/2023 12:05:57 PM: INFO: ************* Exporting Customer Detail Test Started *****************
07/31/2023 12:06:00 PM: INFO: *********************** Verifying Login Test **********************************
07/31/2023 12:06:07 PM: INFO: *********************** Login Test is Passed **********************************
07/31/2023 12:16:34 PM: INFO: ************* Test_003_AddCustomer **********
07/31/2023 12:16:43 PM: INFO: ************* Login succesful **********
07/31/2023 12:16:43 PM: INFO: ******* Starting Add Customer Test **********
07/31/2023 12:16:45 PM: INFO: ************* Providing customer info **********
07/31/2023 12:16:56 PM: INFO: ************* Saving customer info **********
07/31/2023 12:16:56 PM: INFO: ********* Add customer validation started *****************
07/31/2023 12:16:56 PM: INFO: ********* Add customer Test Passed *********
07/31/2023 12:16:57 PM: INFO: ******* Ending Add customer test **********
07/31/2023 12:16:59 PM: INFO: ************* Export  **********
07/31/2023 12:17:05 PM: INFO: ************* Login succesful **********
07/31/2023 12:17:05 PM: INFO: ************* Exporting Customer By Email *****************
07/31/2023 12:17:06 PM: INFO: ************* Exporting Customer Detail Test Started *****************
07/31/2023 12:17:09 PM: INFO: *********************** Verifying Login Test **********************************
07/31/2023 12:17:16 PM: INFO: *********************** Login Test is Passed **********************************
07/31/2023 12:21:40 PM: INFO: ************* Test_003_AddCustomer **********
07/31/2023 12:23:10 PM: INFO: ************* Login succesful **********
07/31/2023 12:23:10 PM: INFO: ******* Starting Add Customer Test **********
07/31/2023 12:23:12 PM: INFO: ************* Export  **********
07/31/2023 12:23:40 PM: INFO: ************* Login succesful **********
07/31/2023 12:23:40 PM: INFO: ************* Exporting Customer By Email *****************
07/31/2023 12:24:16 PM: INFO: ************* Exporting Customer Detail Test Started *****************
07/31/2023 12:24:17 PM: INFO: ***************** Exporting Customer Excel all ********************
07/31/2023 12:24:19 PM: INFO: *********************** Verifying Login Test **********************************
07/31/2023 12:24:28 PM: INFO: *********************** Login Test is Passed **********************************
07/31/2023 12:28:45 PM: INFO: ************* Test_003_AddCustomer **********
07/31/2023 12:28:58 PM: INFO: ************* Login succesful **********
07/31/2023 12:28:58 PM: INFO: ******* Starting Add Customer Test **********
07/31/2023 12:29:01 PM: INFO: ************* Providing customer info **********
07/31/2023 12:29:13 PM: INFO: ************* Saving customer info **********
07/31/2023 12:29:13 PM: INFO: ********* Add customer validation started *****************
07/31/2023 12:29:13 PM: INFO: ********* Add customer Test Passed *********
07/31/2023 12:29:13 PM: INFO: ******* Ending Add customer test **********
07/31/2023 12:29:16 PM: INFO: ************* Export  **********
07/31/2023 12:29:24 PM: INFO: ************* Login succesful **********
07/31/2023 12:29:24 PM: INFO: ************* Exporting Customer By Email *****************
07/31/2023 12:29:26 PM: INFO: ************* Exporting Customer Detail Test Started *****************
07/31/2023 12:29:28 PM: INFO: ************* Export  **********
07/31/2023 12:29:35 PM: INFO: ************* Login succesful **********
07/31/2023 12:29:35 PM: INFO: ************* Exporting Customer By Email *****************
07/31/2023 12:29:37 PM: INFO: ************* Exporting Customer Detail Test Started *****************
07/31/2023 12:29:39 PM: INFO: ************* Export  **********
07/31/2023 12:30:12 PM: INFO: ************* Login succesful **********
07/31/2023 12:30:12 PM: INFO: ************* Exporting Customer By Email *****************
07/31/2023 12:30:13 PM: INFO: ************* Exporting Customer Detail Test Started *****************
07/31/2023 12:30:16 PM: INFO: ************* Export  **********
07/31/2023 12:30:27 PM: INFO: ************* Login succesful **********
07/31/2023 12:30:27 PM: INFO: ************* Exporting Customer By Email *****************
07/31/2023 12:30:28 PM: INFO: ************* Exporting Customer Detail Test Started *****************
07/31/2023 12:30:29 PM: INFO: ***************** Exporting Customer Excel all ********************
07/31/2023 12:30:33 PM: INFO: *********************** Verifying Login Test **********************************
07/31/2023 12:30:51 PM: INFO: *********************** Login Test is Passed **********************************
07/31/2023 12:35:41 PM: INFO: ************* Test_003_AddCustomer **********
07/31/2023 12:35:50 PM: INFO: ************* Login succesful **********
07/31/2023 12:35:50 PM: INFO: ******* Starting Add Customer Test **********
07/31/2023 12:36:09 PM: INFO: ************* Providing customer info **********
07/31/2023 12:36:54 PM: INFO: ************* Saving customer info **********
07/31/2023 12:36:54 PM: INFO: ********* Add customer validation started *****************
07/31/2023 12:36:55 PM: INFO: ********* Add customer Test Passed *********
07/31/2023 12:36:55 PM: INFO: ******* Ending Add customer test **********
07/31/2023 12:36:58 PM: INFO: ************* Export  **********
07/31/2023 12:37:19 PM: INFO: ************* Login succesful **********
07/31/2023 12:37:19 PM: INFO: ************* Exporting Customer By Email *****************
07/31/2023 12:37:21 PM: INFO: ************* Exporting Customer Detail Test Started *****************
07/31/2023 12:37:23 PM: INFO: ************* Export  **********
07/31/2023 12:37:51 PM: INFO: ************* Login succesful **********
07/31/2023 12:37:51 PM: INFO: ************* Exporting Customer By Email *****************
07/31/2023 12:37:59 PM: INFO: ************* Exporting Customer Detail Test Started *****************
07/31/2023 12:38:01 PM: INFO: ************* Export  **********
07/31/2023 12:38:08 PM: INFO: ************* Login succesful **********
07/31/2023 12:38:08 PM: INFO: ************* Exporting Customer By Email *****************
07/31/2023 12:38:10 PM: INFO: ************* Exporting Customer Detail Test Started *****************
07/31/2023 12:38:13 PM: INFO: ************* Export  **********
07/31/2023 12:38:34 PM: INFO: ************* Login succesful **********
07/31/2023 12:38:34 PM: INFO: ************* Exporting Customer By Email *****************
07/31/2023 12:38:44 PM: INFO: ************* Exporting Customer Detail Test Started *****************
07/31/2023 12:38:45 PM: INFO: ***************** Exporting Customer Excel all ********************
07/31/2023 12:38:48 PM: INFO: *********************** Verifying Login Test **********************************
07/31/2023 12:38:56 PM: INFO: *********************** Login Test is Passed **********************************
07/31/2023 12:43:05 PM: INFO: ************* Test_003_AddCustomer **********
07/31/2023 12:43:15 PM: INFO: ************* Login succesful **********
07/31/2023 12:43:15 PM: INFO: ******* Starting Add Customer Test **********
07/31/2023 12:43:17 PM: INFO: ************* Providing customer info **********
07/31/2023 12:43:28 PM: INFO: ************* Saving customer info **********
07/31/2023 12:43:28 PM: INFO: ********* Add customer validation started *****************
07/31/2023 12:43:29 PM: INFO: ********* Add customer Test Passed *********
07/31/2023 12:43:29 PM: INFO: ******* Ending Add customer test **********
07/31/2023 12:43:31 PM: INFO: ************* Export  **********
07/31/2023 12:43:39 PM: INFO: ************* Login succesful **********
07/31/2023 12:43:39 PM: INFO: ************* Exporting Customer By Email *****************
07/31/2023 12:43:41 PM: INFO: ************* Exporting Customer Detail Test Started *****************
07/31/2023 12:43:41 PM: INFO: ***************** Exporting Customer XML Selected ********************
07/31/2023 12:43:43 PM: INFO: ************* Export  **********
07/31/2023 12:43:53 PM: INFO: ************* Login succesful **********
07/31/2023 12:43:53 PM: INFO: ************* Exporting Customer By Email *****************
07/31/2023 12:43:54 PM: INFO: ************* Exporting Customer Detail Test Started *****************
07/31/2023 12:43:55 PM: INFO: ***************** Exporting Customer XML all ********************
07/31/2023 12:43:58 PM: INFO: ************* Export  **********
07/31/2023 12:44:25 PM: INFO: ************* Login succesful **********
07/31/2023 12:44:25 PM: INFO: ************* Exporting Customer By Email *****************
07/31/2023 12:44:27 PM: INFO: ************* Exporting Customer Detail Test Started *****************
07/31/2023 12:44:27 PM: INFO: ***************** Exporting Customer Excel Selected ********************
07/31/2023 12:44:30 PM: INFO: ************* Export  **********
07/31/2023 12:44:40 PM: INFO: ************* Login succesful **********
07/31/2023 12:44:40 PM: INFO: ************* Exporting Customer By Email *****************
07/31/2023 12:44:41 PM: INFO: ************* Exporting Customer Detail Test Started *****************
07/31/2023 12:44:42 PM: INFO: ***************** Exporting Customer Excel all ********************
07/31/2023 12:44:45 PM: INFO: *********************** Verifying Login Test **********************************
07/31/2023 12:45:14 PM: INFO: *********************** Login Test is Passed **********************************
07/31/2023 12:46:20 PM: INFO: ************* Test_003_AddCustomer **********
07/31/2023 12:46:30 PM: INFO: ************* Login succesful **********
07/31/2023 12:46:30 PM: INFO: ******* Starting Add Customer Test **********
07/31/2023 12:46:33 PM: INFO: ************* Providing customer info **********
07/31/2023 12:46:44 PM: INFO: ************* Saving customer info **********
07/31/2023 12:46:44 PM: INFO: ********* Add customer validation started *****************
07/31/2023 12:46:45 PM: INFO: ********* Add customer Test Passed *********
07/31/2023 12:46:45 PM: INFO: ******* Ending Add customer test **********
07/31/2023 12:46:47 PM: INFO: ************* Export  **********
07/31/2023 12:47:00 PM: INFO: ************* Login succesful **********
07/31/2023 12:47:00 PM: INFO: ************* Exporting Customer By Email *****************
07/31/2023 12:47:01 PM: INFO: ************* Exporting Customer Detail Test Started *****************
07/31/2023 12:47:04 PM: INFO: ************* Export  **********
07/31/2023 12:47:12 PM: INFO: ************* Login succesful **********
07/31/2023 12:47:12 PM: INFO: ************* Exporting Customer By Email *****************
07/31/2023 12:47:15 PM: INFO: ************* Exporting Customer Detail Test Started *****************
07/31/2023 12:47:15 PM: INFO: ***************** Exporting Customer XML all ********************
07/31/2023 12:47:18 PM: INFO: ************* Export  **********
07/31/2023 12:47:34 PM: INFO: ************* Login succesful **********
07/31/2023 12:47:34 PM: INFO: ************* Exporting Customer By Email *****************
07/31/2023 12:47:40 PM: INFO: ************* Exporting Customer Detail Test Started *****************
07/31/2023 12:47:42 PM: INFO: ************* Export  **********
07/31/2023 12:47:50 PM: INFO: ************* Login succesful **********
07/31/2023 12:47:50 PM: INFO: ************* Exporting Customer By Email *****************
07/31/2023 12:47:55 PM: INFO: *********************** Verifying Login Test **********************************
07/31/2023 12:48:03 PM: INFO: *********************** Login Test is Passed **********************************
07/31/2023 12:58:01 PM: INFO: ************* Test_003_AddCustomer **********
07/31/2023 12:58:10 PM: INFO: ************* Login succesful **********
07/31/2023 12:58:10 PM: INFO: ******* Starting Add Customer Test **********
07/31/2023 12:58:12 PM: INFO: ************* Providing customer info **********
07/31/2023 12:58:24 PM: INFO: ************* Saving customer info **********
07/31/2023 12:58:24 PM: INFO: ********* Add customer validation started *****************
07/31/2023 12:58:24 PM: INFO: ********* Add customer Test Passed *********
07/31/2023 12:58:24 PM: INFO: ******* Ending Add customer test **********
07/31/2023 12:58:27 PM: INFO: ************* Export  **********
07/31/2023 12:58:39 PM: INFO: ************* Login succesful **********
07/31/2023 12:58:39 PM: INFO: ************* Exporting Customer By Email *****************
07/31/2023 12:58:41 PM: INFO: ************* Exporting Customer Detail Test Started *****************
07/31/2023 12:58:43 PM: INFO: ************* Export  **********
07/31/2023 12:59:05 PM: INFO: ************* Login succesful **********
07/31/2023 12:59:05 PM: INFO: ************* Exporting Customer By Email *****************
07/31/2023 12:59:09 PM: INFO: ************* Exporting Customer Detail Test Started *****************
07/31/2023 12:59:10 PM: INFO: ***************** Exporting Customer XML all ********************
07/31/2023 12:59:13 PM: INFO: ************* Export  **********
07/31/2023 12:59:21 PM: INFO: ************* Login succesful **********
07/31/2023 12:59:21 PM: INFO: ************* Exporting Customer By Email *****************
07/31/2023 12:59:23 PM: INFO: ************* Exporting Customer Detail Test Started *****************
07/31/2023 12:59:25 PM: INFO: ************* Export  **********
07/31/2023 12:59:41 PM: INFO: ************* Login succesful **********
07/31/2023 12:59:41 PM: INFO: ************* Exporting Customer By Email *****************
07/31/2023 12:59:43 PM: INFO: ************* Exporting Customer Detail Test Started *****************
07/31/2023 12:59:44 PM: INFO: ***************** Exporting Customer Excel all ********************
07/31/2023 12:59:47 PM: INFO: *********************** Verifying Login Test **********************************
07/31/2023 12:59:56 PM: INFO: *********************** Login Test is Passed **********************************
07/31/2023 01:06:31 PM: INFO: ************* Test_003_AddCustomer **********
07/31/2023 01:06:41 PM: INFO: ************* Login succesful **********
07/31/2023 01:06:41 PM: INFO: ******* Starting Add Customer Test **********
07/31/2023 01:06:45 PM: INFO: ************* Providing customer info **********
07/31/2023 01:06:56 PM: INFO: ************* Saving customer info **********
07/31/2023 01:06:56 PM: INFO: ********* Add customer validation started *****************
07/31/2023 01:06:56 PM: INFO: ********* Add customer Test Passed *********
07/31/2023 01:06:56 PM: INFO: ******* Ending Add customer test **********
07/31/2023 01:06:58 PM: INFO: ************* Export  **********
07/31/2023 01:07:08 PM: INFO: ************* Login succesful **********
07/31/2023 01:07:08 PM: INFO: ************* Exporting Customer By Email *****************
07/31/2023 01:07:16 PM: INFO: ************* Exporting Customer Detail Test Started *****************
07/31/2023 01:07:19 PM: INFO: ************* Export  **********
07/31/2023 01:07:39 PM: INFO: ************* Login succesful **********
07/31/2023 01:07:39 PM: INFO: ************* Exporting Customer By Email *****************
07/31/2023 01:07:50 PM: INFO: ************* Exporting Customer Detail Test Started *****************
07/31/2023 01:07:51 PM: INFO: ***************** Exporting Customer XML all ********************
07/31/2023 01:07:53 PM: INFO: ************* Export  **********
07/31/2023 01:08:03 PM: INFO: ************* Login succesful **********
07/31/2023 01:08:03 PM: INFO: ************* Exporting Customer By Email *****************
07/31/2023 01:08:05 PM: INFO: ************* Exporting Customer Detail Test Started *****************
07/31/2023 01:08:08 PM: INFO: ************* Export  **********
07/31/2023 01:08:37 PM: INFO: ************* Login succesful **********
07/31/2023 01:08:37 PM: INFO: ************* Exporting Customer By Email *****************
07/31/2023 01:08:40 PM: INFO: ************* Exporting Customer Detail Test Started *****************
07/31/2023 01:08:41 PM: INFO: ***************** Exporting Customer Excel all ********************
07/31/2023 01:08:44 PM: INFO: *********************** Verifying Login Test **********************************
07/31/2023 01:08:51 PM: INFO: *********************** Login Test is Passed **********************************
07/31/2023 01:10:27 PM: INFO: ************* Test_003_AddCustomer **********
07/31/2023 01:11:03 PM: INFO: ************* Login succesful **********
07/31/2023 01:11:03 PM: INFO: ******* Starting Add Customer Test **********
07/31/2023 01:11:07 PM: INFO: ************* Providing customer info **********
07/31/2023 01:11:18 PM: INFO: ************* Saving customer info **********
07/31/2023 01:11:18 PM: INFO: ********* Add customer validation started *****************
07/31/2023 01:11:19 PM: INFO: ********* Add customer Test Passed *********
07/31/2023 01:11:19 PM: INFO: ******* Ending Add customer test **********
07/31/2023 01:11:21 PM: INFO: ************* Export  **********
07/31/2023 01:11:30 PM: INFO: ************* Login succesful **********
07/31/2023 01:11:30 PM: INFO: ************* Exporting Customer By Email *****************
07/31/2023 01:11:32 PM: INFO: ************* Exporting Customer Detail Test Started *****************
07/31/2023 01:11:34 PM: INFO: ************* Export  **********
07/31/2023 01:11:43 PM: INFO: ************* Login succesful **********
07/31/2023 01:11:43 PM: INFO: ************* Exporting Customer By Email *****************
07/31/2023 01:11:45 PM: INFO: ************* Exporting Customer Detail Test Started *****************
07/31/2023 01:11:45 PM: INFO: ***************** Exporting Customer XML all ********************
07/31/2023 01:11:48 PM: INFO: ************* Export  **********
07/31/2023 01:12:10 PM: INFO: ************* Login succesful **********
07/31/2023 01:12:10 PM: INFO: ************* Exporting Customer By Email *****************
07/31/2023 01:12:17 PM: INFO: ************* Exporting Customer Detail Test Started *****************
07/31/2023 01:12:21 PM: INFO: ************* Export  **********
07/31/2023 01:12:29 PM: INFO: ************* Login succesful **********
07/31/2023 01:12:29 PM: INFO: ************* Exporting Customer By Email *****************
07/31/2023 01:12:31 PM: INFO: ************* Exporting Customer Detail Test Started *****************
07/31/2023 01:12:32 PM: INFO: ***************** Exporting Customer Excel all ********************
07/31/2023 01:12:36 PM: INFO: *********************** Verifying Login Test **********************************
07/31/2023 01:14:52 PM: INFO: ************* Export  **********
07/31/2023 01:14:58 PM: INFO: ************* Login succesful **********
07/31/2023 01:14:58 PM: INFO: ************* Exporting Customer By Email *****************
07/31/2023 01:14:59 PM: INFO: ************* Exporting Customer Detail Test Started *****************
07/31/2023 01:15:00 PM: INFO: ***************** Exporting Customer XML Selected ********************
07/31/2023 01:15:21 PM: INFO: ************* Test_003_AddCustomer **********
07/31/2023 01:15:30 PM: INFO: ************* Login succesful **********
07/31/2023 01:15:30 PM: INFO: ******* Starting Add Customer Test **********
07/31/2023 01:15:33 PM: INFO: ************* Providing customer info **********
07/31/2023 01:15:44 PM: INFO: ************* Saving customer info **********
07/31/2023 01:15:44 PM: INFO: ********* Add customer validation started *****************
07/31/2023 01:15:44 PM: INFO: ********* Add customer Test Passed *********
07/31/2023 01:15:45 PM: INFO: ******* Ending Add customer test **********
07/31/2023 01:15:47 PM: INFO: ************* Export  **********
07/31/2023 01:15:56 PM: INFO: ************* Login succesful **********
07/31/2023 01:15:56 PM: INFO: ************* Exporting Customer By Email *****************
07/31/2023 01:15:57 PM: INFO: ************* Exporting Customer Detail Test Started *****************
07/31/2023 01:15:58 PM: INFO: ***************** Exporting Customer XML Selected ********************
07/31/2023 01:16:01 PM: INFO: ************* Export  **********
07/31/2023 01:16:10 PM: INFO: ************* Login succesful **********
07/31/2023 01:16:10 PM: INFO: ************* Exporting Customer By Email *****************
07/31/2023 01:16:11 PM: INFO: ************* Exporting Customer Detail Test Started *****************
07/31/2023 01:16:12 PM: INFO: ***************** Exporting Customer XML all ********************
07/31/2023 01:16:15 PM: INFO: ************* Export  **********
07/31/2023 01:16:27 PM: INFO: ************* Login succesful **********
07/31/2023 01:16:27 PM: INFO: ************* Exporting Customer By Email *****************
07/31/2023 01:16:28 PM: INFO: ************* Exporting Customer Detail Test Started *****************
07/31/2023 01:16:31 PM: INFO: ************* Export  **********
07/31/2023 01:16:45 PM: INFO: ************* Login succesful **********
07/31/2023 01:16:45 PM: INFO: ************* Exporting Customer By Email *****************
07/31/2023 01:16:46 PM: INFO: ************* Exporting Customer Detail Test Started *****************
07/31/2023 01:16:48 PM: INFO: ***************** Exporting Customer Excel all ********************
07/31/2023 01:16:52 PM: INFO: *********************** Verifying Login Test **********************************
07/31/2023 01:17:05 PM: INFO: *********************** Login Test is Passed **********************************
07/31/2023 01:19:10 PM: INFO: ************* Test_003_AddCustomer **********
07/31/2023 01:19:19 PM: INFO: ************* Login succesful **********
07/31/2023 01:19:19 PM: INFO: ******* Starting Add Customer Test **********
07/31/2023 01:19:21 PM: INFO: ************* Providing customer info **********
07/31/2023 01:19:33 PM: INFO: ************* Saving customer info **********
07/31/2023 01:19:33 PM: INFO: ********* Add customer validation started *****************
07/31/2023 01:19:33 PM: INFO: ********* Add customer Test Passed *********
07/31/2023 01:19:33 PM: INFO: ******* Ending Add customer test **********
07/31/2023 01:19:36 PM: INFO: ************* Export  **********
07/31/2023 01:19:44 PM: INFO: ************* Login succesful **********
07/31/2023 01:19:44 PM: INFO: ************* Exporting Customer By Email *****************
07/31/2023 01:19:45 PM: INFO: ************* Exporting Customer Detail Test Started *****************
07/31/2023 01:19:48 PM: INFO: ************* Export  **********
07/31/2023 01:19:55 PM: INFO: ************* Login succesful **********
07/31/2023 01:19:55 PM: INFO: ************* Exporting Customer By Email *****************
07/31/2023 01:19:56 PM: INFO: ************* Exporting Customer Detail Test Started *****************
07/31/2023 01:19:57 PM: INFO: ***************** Exporting Customer XML all ********************
07/31/2023 01:20:00 PM: INFO: ************* Export  **********
07/31/2023 01:20:26 PM: INFO: ************* Login succesful **********
07/31/2023 01:20:26 PM: INFO: ************* Exporting Customer By Email *****************
07/31/2023 01:20:27 PM: INFO: ************* Exporting Customer Detail Test Started *****************
07/31/2023 01:20:28 PM: INFO: ***************** Exporting Customer Excel Selected ********************
07/31/2023 01:20:31 PM: INFO: ************* Export  **********
07/31/2023 01:20:39 PM: INFO: ************* Login succesful **********
07/31/2023 01:20:39 PM: INFO: ************* Exporting Customer By Email *****************
07/31/2023 01:20:41 PM: INFO: ************* Exporting Customer Detail Test Started *****************
07/31/2023 01:20:41 PM: INFO: ***************** Exporting Customer Excel all ********************
07/31/2023 01:20:44 PM: INFO: *********************** Verifying Login Test **********************************
07/31/2023 01:20:58 PM: INFO: *********************** Login Test is Passed **********************************
07/31/2023 01:29:32 PM: INFO: ************* Export  **********
07/31/2023 01:29:38 PM: INFO: ************* Login succesful **********
07/31/2023 01:29:38 PM: INFO: ************* Exporting Customer By Email *****************
07/31/2023 01:29:39 PM: INFO: ************* Exporting Customer Detail Test Started *****************
07/31/2023 01:29:40 PM: INFO: ***************** Exporting Customer XML Selected ********************
07/31/2023 01:55:00 PM: INFO: ************* Export  **********
07/31/2023 01:55:06 PM: INFO: ************* Login succesful **********
07/31/2023 01:55:06 PM: INFO: ************* Exporting Customer By Email *****************
07/31/2023 01:55:08 PM: INFO: ************* Exporting Customer Detail Test Started *****************
07/31/2023 02:04:08 PM: INFO: ************* Test_003_AddCustomer **********
07/31/2023 02:04:15 PM: INFO: ************* Login succesful **********
07/31/2023 02:04:15 PM: INFO: ******* Starting Add Customer Test **********
07/31/2023 02:04:18 PM: INFO: ************* Providing customer info **********
07/31/2023 02:04:29 PM: INFO: ************* Saving customer info **********
07/31/2023 02:04:29 PM: INFO: ********* Add customer validation started *****************
07/31/2023 02:04:30 PM: INFO: ********* Add customer Test Passed *********
07/31/2023 02:04:30 PM: INFO: ******* Ending Add customer test **********
07/31/2023 02:04:33 PM: INFO: ************* Export  **********
07/31/2023 02:04:40 PM: INFO: ************* Login succesful **********
07/31/2023 02:04:40 PM: INFO: ************* Exporting Customer By Email *****************
07/31/2023 02:04:42 PM: INFO: ************* Exporting Customer Detail Test Started *****************
07/31/2023 02:04:43 PM: INFO: ***************** Exporting Customer XML Selected ********************
07/31/2023 02:04:46 PM: INFO: ************* Export  **********
07/31/2023 02:04:51 PM: INFO: ************* Login succesful **********
07/31/2023 02:04:51 PM: INFO: ************* Exporting Customer By Email *****************
07/31/2023 02:04:53 PM: INFO: ************* Exporting Customer Detail Test Started *****************
07/31/2023 02:04:53 PM: INFO: ***************** Exporting Customer XML all ********************
07/31/2023 02:04:56 PM: INFO: ************* Export  **********
07/31/2023 02:05:27 PM: INFO: ************* Login succesful **********
07/31/2023 02:05:27 PM: INFO: ************* Exporting Customer By Email *****************
07/31/2023 02:05:28 PM: INFO: ************* Exporting Customer Detail Test Started *****************
07/31/2023 02:05:29 PM: INFO: ***************** Exporting Customer Excel Selected ********************
07/31/2023 02:05:32 PM: INFO: ************* Export  **********
07/31/2023 02:05:39 PM: INFO: ************* Login succesful **********
07/31/2023 02:05:39 PM: INFO: ************* Exporting Customer By Email *****************
07/31/2023 02:05:40 PM: INFO: ************* Exporting Customer Detail Test Started *****************
07/31/2023 02:05:41 PM: INFO: ***************** Exporting Customer Excel all ********************
07/31/2023 02:05:44 PM: INFO: *********************** Verifying Login Test **********************************
07/31/2023 02:06:14 PM: INFO: *********************** Login Test is Passed **********************************
